21:07:34.749 [main] INFO  com.ivanslushko.training.services.ServiceTestLogger - info133rreewq212
21:07:34.769 [main] WARN  com.ivanslushko.training.services.ServiceTestLogger - warn
21:07:34.774 [main] ERROR com.ivanslushko.training.services.ServiceTestLogger - error11221212
21:11:33.083 [main] INFO  com.ivanslushko.training.services.ServiceTestLogger - info133rreewq212
21:11:33.089 [main] WARN  com.ivanslushko.training.services.ServiceTestLogger - warn
21:11:33.100 [main] ERROR com.ivanslushko.training.services.ServiceTestLogger - error11221212
21:18:38.962 [main] INFO  com.ivanslushko.training.services.ServiceTestLogger - info133rreewq212
21:18:38.972 [main] WARN  com.ivanslushko.training.services.ServiceTestLogger - warn
21:18:38.980 [main] ERROR com.ivanslushko.training.services.ServiceTestLogger - error11221212
21:20:43.510 [main] INFO  com.ivanslushko.training.services.ServiceTestLogger - info133rreewq212
21:20:43.519 [main] WARN  com.ivanslushko.training.services.ServiceTestLogger - warn
21:20:43.525 [main] ERROR com.ivanslushko.training.services.ServiceTestLogger - error11221212
21:21:02.678 [main] INFO  com.ivanslushko.training.services.ServiceTestLogger - info133rreewq212
21:21:02.687 [main] WARN  com.ivanslushko.training.services.ServiceTestLogger - warn
21:21:02.692 [main] ERROR com.ivanslushko.training.services.ServiceTestLogger - error11221212
21:43:32.579 [main] INFO  com.ivanslushko.training.services.ServiceTestLogger - info133rreewq212
21:43:32.591 [main] WARN  com.ivanslushko.training.services.ServiceTestLogger - warn
21:43:32.604 [main] ERROR com.ivanslushko.training.services.ServiceTestLogger - error11221212
21:46:05.293 [main] INFO  com.ivanslushko.training.services.ServiceTestLogger - info133rreewq212
21:46:05.301 [main] WARN  com.ivanslushko.training.services.ServiceTestLogger - warn
21:46:05.307 [main] ERROR com.ivanslushko.training.services.ServiceTestLogger - error11221212
22:01:11.242 [main] INFO  com.ivanslushko.training.services.ServiceTestLogger - info133rreewq212
22:01:11.250 [main] WARN  com.ivanslushko.training.services.ServiceTestLogger - warn
22:01:11.256 [main] ERROR com.ivanslushko.training.services.ServiceTestLogger - error11221212
22:02:57.822 [main] INFO  com.ivanslushko.training.services.ServiceTestLogger - info133rreewq212
22:02:57.859 [main] WARN  com.ivanslushko.training.services.ServiceTestLogger - warn
22:02:57.888 [main] ERROR com.ivanslushko.training.services.ServiceTestLogger - error11221212
22:04:26.304 [main] INFO  com.ivanslushko.training.services.ServiceTestLogger - info133rreewq212
22:04:26.336 [main] WARN  com.ivanslushko.training.services.ServiceTestLogger - warn
22:04:26.370 [main] ERROR com.ivanslushko.training.services.ServiceTestLogger - error11221212
22:04:49.199 [main] INFO  com.ivanslushko.training.services.ServiceTestLogger - info133rreewq212
22:04:49.213 [main] WARN  com.ivanslushko.training.services.ServiceTestLogger - warn
22:04:49.219 [main] ERROR com.ivanslushko.training.services.ServiceTestLogger - error11221212
22:08:49.071 [main] INFO  com.ivanslushko.training.services.ServiceTestLogger - info133rreewq212
22:08:49.080 [main] WARN  com.ivanslushko.training.services.ServiceTestLogger - warn
22:08:49.085 [main] ERROR com.ivanslushko.training.services.ServiceTestLogger - error11221212
22:09:13.512 [main] INFO  com.ivanslushko.training.services.ServiceTestLogger - info133rreewq212
22:09:13.526 [main] WARN  com.ivanslushko.training.services.ServiceTestLogger - warn
22:09:13.530 [main] ERROR com.ivanslushko.training.services.ServiceTestLogger - error11221212
22:10:50.051 [main] INFO  com.ivanslushko.training.services.ServiceTestLogger - info133rreewq212
22:15:12.593 [main] INFO  com.ivanslushko.training.services.ServiceTestLogger - info133rreewq212
22:20:31.714 [main] INFO  com.ivanslushko.training.services.ServiceTestLogger - info133rreewq212
22:21:04.705 [main] INFO  com.ivanslushko.training.services.ServiceTestLogger - info133rreewq212
22:28:21.886 [main] INFO  com.ivanslushko.training.services.ServiceTestLogger - info133rreewq212
22:29:58.419 [main] INFO  com.ivanslushko.training.services.ServiceTestLogger - info133rreewq212
22:30:24.361 [main] INFO  com.ivanslushko.training.services.ServiceTestLogger - info133rreewq212
22:31:05.382 [main] INFO  com.ivanslushko.training.services.ServiceTestLogger - info133rreewq212
22:31:05.414 [main] WARN  com.ivanslushko.training.services.ServiceTestLogger - warn
22:31:05.416 [main] ERROR com.ivanslushko.training.services.ServiceTestLogger - error11221212
22:31:58.278 [main] INFO  com.ivanslushko.training.services.impl.CityServiceImpl - City created. id=18, city_ru=TestCityRu, city_en=TestCityEn, city_by=TestCityBy
22:31:58.304 [main] INFO  com.ivanslushko.training.services.impl.CityServiceImpl - City deleted!!! id=18
22:31:58.314 [main] INFO  com.ivanslushko.training.services.impl.CityServiceImpl - City created. id=19, city_ru=City_ru0, city_en=City_en0, city_by=City_by0
22:31:58.316 [main] INFO  com.ivanslushko.training.services.impl.CityServiceImpl - City created. id=20, city_ru=City_ru1, city_en=City_en1, city_by=City_by1
22:31:58.319 [main] INFO  com.ivanslushko.training.services.impl.CityServiceImpl - City created. id=21, city_ru=City_ru2, city_en=City_en2, city_by=City_by2
22:31:58.323 [main] INFO  com.ivanslushko.training.services.impl.CityServiceImpl - City created. id=22, city_ru=TestCityLongRu, city_en=TestCityLongEn, city_by=TestCityLongBy
22:31:58.325 [main] INFO  com.ivanslushko.training.services.impl.CityServiceImpl - City deleted!!! id=22
22:31:58.351 [main] INFO  com.ivanslushko.training.services.impl.CityServiceImpl - City created. id=23, city_ru=TestCityUpdRu, city_en=TestCityUpdEn, city_by=TestCityUpdBy
22:31:58.360 [main] INFO  com.ivanslushko.training.services.impl.CityServiceImpl - City deleted!!! id=23
22:31:58.367 [main] INFO  com.ivanslushko.training.services.impl.CityServiceImpl - City created. id=24, city_ru=TestCityDelRu, city_en=TestCityDelEn, city_by=TestCityDelBy
22:31:58.371 [main] INFO  com.ivanslushko.training.services.impl.CityServiceImpl - City deleted!!! id=24
22:32:38.344 [main] INFO  com.ivanslushko.training.services.ServiceTestLogger - info133rreewq212
22:32:38.361 [main] WARN  com.ivanslushko.training.services.ServiceTestLogger - warn
22:32:38.363 [main] ERROR com.ivanslushko.training.services.ServiceTestLogger - error11221212
22:34:40.941 [main] INFO  com.ivanslushko.training.services.ServiceTestLogger - info133rreewq212
22:34:40.959 [main] WARN  com.ivanslushko.training.services.ServiceTestLogger - warn
22:34:40.962 [main] ERROR com.ivanslushko.training.services.ServiceTestLogger - PIZDA
22:38:36.075 [main] INFO  com.ivanslushko.training.services.ServiceTestLogger - info133rreewq212
22:38:36.097 [main] WARN  com.ivanslushko.training.services.ServiceTestLogger - warn
22:38:36.104 [main] ERROR com.ivanslushko.training.services.ServiceTestLogger - PIZDA
22:39:02.110 [main] INFO  com.ivanslushko.training.services.ServiceTestLogger - info133rreewq212
22:39:02.126 [main] WARN  com.ivanslushko.training.services.ServiceTestLogger - warn
22:39:02.128 [main] ERROR com.ivanslushko.training.services.ServiceTestLogger - PIZDA
22:41:10.326 [main] INFO  com.ivanslushko.training.services.ServiceTestLogger - infoinfoinfoinfoinfo
22:41:10.342 [main] WARN  com.ivanslushko.training.services.ServiceTestLogger - warn
22:41:10.344 [main] ERROR com.ivanslushko.training.services.ServiceTestLogger - errorerrorerror
22:41:28.595 [main] INFO  com.ivanslushko.training.services.ServiceTestLogger - infoinfoinfoinfoinfo
22:41:28.610 [main] WARN  com.ivanslushko.training.services.ServiceTestLogger - warn
22:41:28.612 [main] ERROR com.ivanslushko.training.services.ServiceTestLogger - errorerrorerror
22:41:30.314 [main] INFO  com.ivanslushko.training.services.ServiceTestLogger - infoinfoinfoinfoinfo
22:41:30.330 [main] WARN  com.ivanslushko.training.services.ServiceTestLogger - warn
22:41:30.332 [main] ERROR com.ivanslushko.training.services.ServiceTestLogger - errorerrorerror
22:42:55.822 [main] INFO  com.ivanslushko.training.services.impl.PlaneServiceImpl - Passenger created. id=20, full_name=Ivan Slu, birthday=1982-12-22T00:00:00.000+0300, passport=KK7855436
22:42:55.836 [main] INFO  com.ivanslushko.training.services.impl.TicketServiceImpl - Ticket created. id=35, flight_num=48, passenger=20, clas=1, price=11.98, bag=true, first_reg=true
22:51:11.117 [main] INFO  com.ivanslushko.training.services.ServiceTestLogger - infoinfoinfoinfoinfo
22:51:11.140 [main] WARN  com.ivanslushko.training.services.ServiceTestLogger - warn
22:51:11.142 [main] ERROR com.ivanslushko.training.services.ServiceTestLogger - errorerrorerror
22:57:56.108 [main] INFO  com.ivanslushko.training.services.ServiceTestLogger - infoinfoinfoinfoinfo
22:57:56.127 [main] WARN  com.ivanslushko.training.services.ServiceTestLogger - warn
22:57:56.129 [main] ERROR com.ivanslushko.training.services.ServiceTestLogger - errorerrorerror
23:07:28.654 [main] INFO  com.ivanslushko.training.services.ServiceTestLogger - infoinfoinfoinfoinfo
23:07:28.671 [main] WARN  com.ivanslushko.training.services.ServiceTestLogger - warn
23:07:28.673 [main] ERROR com.ivanslushko.training.services.ServiceTestLogger - errorerrorerror
23:09:48.923 [main] INFO  com.ivanslushko.training.services.ServiceTestLogger - infoinfoinfoinfoinfo
23:09:48.943 [main] WARN  com.ivanslushko.training.services.ServiceTestLogger - warn
23:09:48.945 [main] ERROR com.ivanslushko.training.services.ServiceTestLogger - errorerrorerror
23:10:45.664 [main] INFO  com.ivanslushko.training.services.ServiceTestLogger - infoinfoinfoinfoinfo
23:10:45.680 [main] WARN  com.ivanslushko.training.services.ServiceTestLogger - warn
23:10:45.682 [main] ERROR com.ivanslushko.training.services.ServiceTestLogger - errorerrorerror
23:13:12.458 [main] INFO  com.ivanslushko.training.services.ServiceTestLogger - infoinfoinfoinfoinfo
23:13:12.479 [main] WARN  com.ivanslushko.training.services.ServiceTestLogger - warn
23:13:12.482 [main] ERROR com.ivanslushko.training.services.ServiceTestLogger - errorerrorerror
23:17:49.538 [main] INFO  com.ivanslushko.training.services.ServiceTestLogger - infoinfoinfoinfoinfo
23:17:49.558 [main] WARN  com.ivanslushko.training.services.ServiceTestLogger - warn
23:17:49.561 [main] ERROR com.ivanslushko.training.services.ServiceTestLogger - errorerrorerror
23:27:52.510 [main] INFO  com.ivanslushko.training.services.ServiceTestLogger - infoinfoinfoinfoinfo
23:27:52.529 [main] WARN  com.ivanslushko.training.services.ServiceTestLogger - warn
23:27:52.531 [main] ERROR com.ivanslushko.training.services.ServiceTestLogger - errorerrorerror
23:33:33.301 [main] INFO  com.ivanslushko.training.services.ServiceTestLogger - infoinfoinfoinfoinfo
23:33:33.323 [main] WARN  com.ivanslushko.training.services.ServiceTestLogger - warn
23:33:33.325 [main] ERROR com.ivanslushko.training.services.ServiceTestLogger - errorerrorerror
23:35:59.851 [main] INFO  com.ivanslushko.training.services.ServiceTestLogger - infoinfoinfoinfoinfo
23:35:59.868 [main] WARN  com.ivanslushko.training.services.ServiceTestLogger - warn
23:35:59.870 [main] ERROR com.ivanslushko.training.services.ServiceTestLogger - errorerrorerror
23:47:01.071 [main] INFO  com.ivanslushko.training.services.ServiceTestLogger - infoinfoinfoinfoinfo
23:47:01.090 [main] WARN  com.ivanslushko.training.services.ServiceTestLogger - warn
23:47:01.093 [main] ERROR com.ivanslushko.training.services.ServiceTestLogger - errorerrorerror
23:50:00.627 [main] INFO  com.ivanslushko.training.services.impl.FlightServiceImpl - Flight created. id=49, plane=1, from=1, dateAndTime=2222-02-22T12:58:20.000+0300, to=2, startPrice=313
23:50:00.661 [main] INFO  com.ivanslushko.training.services.impl.FlightServiceImpl - Flight created. id=50, plane=2, from=3, dateAndTime=2016-10-30T12:58:20.000+0300, to=2, startPrice=313
23:50:00.664 [main] INFO  com.ivanslushko.training.services.impl.FlightServiceImpl - Flight deleted! id=50
23:50:00.693 [main] INFO  com.ivanslushko.training.services.impl.FlightServiceImpl - Flight created. id=51, plane=2, from=3, dateAndTime=2016-10-30T12:58:20.000+0300, to=2, startPrice=313
23:50:00.697 [main] INFO  com.ivanslushko.training.services.impl.FlightServiceImpl - Flight deleted! id=51
23:50:00.710 [main] INFO  com.ivanslushko.training.services.impl.FlightServiceImpl - Flight created. id=52, plane=2, from=3, dateAndTime=2016-10-30T12:58:20.000+0300, to=2, startPrice=313
23:50:00.719 [main] INFO  com.ivanslushko.training.services.impl.FlightServiceImpl - Flight deleted! id=52
23:52:59.180 [main] INFO  com.ivanslushko.training.ServiceTestLogger - infoinfoinfoinfoinfo
23:52:59.200 [main] WARN  com.ivanslushko.training.ServiceTestLogger - warn
23:56:33.610 [main] INFO  com.ivanslushko.training.ServiceTestLogger - infoinfoinfoinfoinfo
23:56:33.626 [main] WARN  com.ivanslushko.training.ServiceTestLogger - warn
23:56:33.628 [main] ERROR com.ivanslushko.training.ServiceTestLogger - errorerrorerror
23:57:45.709 [main] INFO  com.ivanslushko.training.ServiceTestLogger - infoinfoinfoinfoinfo
23:57:45.727 [main] WARN  com.ivanslushko.training.ServiceTestLogger - warn
23:57:45.729 [main] ERROR com.ivanslushko.training.ServiceTestLogger - errorerrorerror
23:58:59.647 [main] INFO  com.ivanslushko.training.ServiceTestLogger - infoinfoinfoinfoinfo
23:58:59.665 [main] WARN  com.ivanslushko.training.ServiceTestLogger - warn
23:58:59.667 [main] ERROR com.ivanslushko.training.ServiceTestLogger - errorerrorerror
23:59:57.594 [main] INFO  com.ivanslushko.training.ServiceTestLogger - infoinfoinfoinfoinfo
23:59:57.610 [main] WARN  com.ivanslushko.training.ServiceTestLogger - warn
23:59:57.612 [main] ERROR com.ivanslushko.training.ServiceTestLogger - errorerrorerror
